2026-05-01 23:30:28 - root - ERROR - initialize_client:46 - Initialization failed: HTTPSConnectionPool(host='testnet.binance.vision', port=443): Max retries exceeded with url: /api/v3/ping (Caused by NameResolutionError("HTTPSConnection(host='testnet.binance.vision', port=443): Failed to resolve 'testnet.binance.vision' ([Errno 11001] getaddrinfo failed)"))
2026-05-01 23:30:28 - root - ERROR - initialize_client:46 - Initialization failed: HTTPSConnectionPool(host='testnet.binance.vision', port=443): Max retries exceeded with url: /api/v3/ping (Caused by NameResolutionError("HTTPSConnection(host='testnet.binance.vision', port=443): Failed to resolve 'testnet.binance.vision' ([Errno 11001] getaddrinfo failed)"))
2026-05-01 23:38:39 - root - ERROR - initialize_client:46 - Initialization failed: API credentials not found. Set BINANCE_API_KEY and BINANCE_API_SECRET
2026-05-01 23:38:39 - root - ERROR - initialize_client:46 - Initialization failed: API credentials not found. Set BINANCE_API_KEY and BINANCE_API_SECRET
2026-05-01 23:44:24 - bot.client - ERROR - __init__:50 - Failed to connect: HTTPSConnectionPool(host='testnet.binance.vision', port=443): Max retries exceeded with url: /api/v3/ping (Caused by NameResolutionError("HTTPSConnection(host='testnet.binance.vision', port=443): Failed to resolve 'testnet.binance.vision' ([Errno 11001] getaddrinfo failed)"))
2026-05-01 23:44:24 - bot.client - ERROR - __init__:50 - Failed to connect: HTTPSConnectionPool(host='testnet.binance.vision', port=443): Max retries exceeded with url: /api/v3/ping (Caused by NameResolutionError("HTTPSConnection(host='testnet.binance.vision', port=443): Failed to resolve 'testnet.binance.vision' ([Errno 11001] getaddrinfo failed)"))
2026-05-01 23:44:24 - root - ERROR - initialize_client:46 - Initialization failed: HTTPSConnectionPool(host='testnet.binance.vision', port=443): Max retries exceeded with url: /api/v3/ping (Caused by NameResolutionError("HTTPSConnection(host='testnet.binance.vision', port=443): Failed to resolve 'testnet.binance.vision' ([Errno 11001] getaddrinfo failed)"))
2026-05-01 23:44:24 - root - ERROR - initialize_client:46 - Initialization failed: HTTPSConnectionPool(host='testnet.binance.vision', port=443): Max retries exceeded with url: /api/v3/ping (Caused by NameResolutionError("HTTPSConnection(host='testnet.binance.vision', port=443): Failed to resolve 'testnet.binance.vision' ([Errno 11001] getaddrinfo failed)"))
2026-05-01 23:47:06 - bot.client - ERROR - __init__:50 - Failed to connect: HTTPSConnectionPool(host='testnet.binance.vision', port=443): Max retries exceeded with url: /api/v3/ping (Caused by NameResolutionError("HTTPSConnection(host='testnet.binance.vision', port=443): Failed to resolve 'testnet.binance.vision' ([Errno 11001] getaddrinfo failed)"))
2026-05-01 23:47:06 - bot.client - ERROR - __init__:50 - Failed to connect: HTTPSConnectionPool(host='testnet.binance.vision', port=443): Max retries exceeded with url: /api/v3/ping (Caused by NameResolutionError("HTTPSConnection(host='testnet.binance.vision', port=443): Failed to resolve 'testnet.binance.vision' ([Errno 11001] getaddrinfo failed)"))
2026-05-01 23:47:06 - root - ERROR - <module>:23 - Failed to initialize bot: HTTPSConnectionPool(host='testnet.binance.vision', port=443): Max retries exceeded with url: /api/v3/ping (Caused by NameResolutionError("HTTPSConnection(host='testnet.binance.vision', port=443): Failed to resolve 'testnet.binance.vision' ([Errno 11001] getaddrinfo failed)"))
2026-05-01 23:47:06 - root - ERROR - <module>:23 - Failed to initialize bot: HTTPSConnectionPool(host='testnet.binance.vision', port=443): Max retries exceeded with url: /api/v3/ping (Caused by NameResolutionError("HTTPSConnection(host='testnet.binance.vision', port=443): Failed to resolve 'testnet.binance.vision' ([Errno 11001] getaddrinfo failed)"))
2026-05-01 23:47:23 - bot.client - ERROR - __init__:50 - Failed to connect: HTTPSConnectionPool(host='testnet.binance.vision', port=443): Max retries exceeded with url: /api/v3/ping (Caused by NameResolutionError("HTTPSConnection(host='testnet.binance.vision', port=443): Failed to resolve 'testnet.binance.vision' ([Errno 11001] getaddrinfo failed)"))
2026-05-01 23:47:23 - bot.client - ERROR - __init__:50 - Failed to connect: HTTPSConnectionPool(host='testnet.binance.vision', port=443): Max retries exceeded with url: /api/v3/ping (Caused by NameResolutionError("HTTPSConnection(host='testnet.binance.vision', port=443): Failed to resolve 'testnet.binance.vision' ([Errno 11001] getaddrinfo failed)"))
2026-05-01 23:47:23 - root - ERROR - <module>:23 - Failed to initialize bot: HTTPSConnectionPool(host='testnet.binance.vision', port=443): Max retries exceeded with url: /api/v3/ping (Caused by NameResolutionError("HTTPSConnection(host='testnet.binance.vision', port=443): Failed to resolve 'testnet.binance.vision' ([Errno 11001] getaddrinfo failed)"))
2026-05-01 23:47:23 - root - ERROR - <module>:23 - Failed to initialize bot: HTTPSConnectionPool(host='testnet.binance.vision', port=443): Max retries exceeded with url: /api/v3/ping (Caused by NameResolutionError("HTTPSConnection(host='testnet.binance.vision', port=443): Failed to resolve 'testnet.binance.vision' ([Errno 11001] getaddrinfo failed)"))
2026-05-01 23:49:00 - bot.client - ERROR - __init__:50 - Failed to connect: HTTPSConnectionPool(host='testnet.binance.vision', port=443): Max retries exceeded with url: /api/v3/ping (Caused by NameResolutionError("HTTPSConnection(host='testnet.binance.vision', port=443): Failed to resolve 'testnet.binance.vision' ([Errno 11001] getaddrinfo failed)"))
2026-05-01 23:49:00 - bot.client - ERROR - __init__:50 - Failed to connect: HTTPSConnectionPool(host='testnet.binance.vision', port=443): Max retries exceeded with url: /api/v3/ping (Caused by NameResolutionError("HTTPSConnection(host='testnet.binance.vision', port=443): Failed to resolve 'testnet.binance.vision' ([Errno 11001] getaddrinfo failed)"))
2026-05-01 23:49:00 - root - ERROR - <module>:23 - Failed to initialize bot: HTTPSConnectionPool(host='testnet.binance.vision', port=443): Max retries exceeded with url: /api/v3/ping (Caused by NameResolutionError("HTTPSConnection(host='testnet.binance.vision', port=443): Failed to resolve 'testnet.binance.vision' ([Errno 11001] getaddrinfo failed)"))
2026-05-01 23:49:00 - root - ERROR - <module>:23 - Failed to initialize bot: HTTPSConnectionPool(host='testnet.binance.vision', port=443): Max retries exceeded with url: /api/v3/ping (Caused by NameResolutionError("HTTPSConnection(host='testnet.binance.vision', port=443): Failed to resolve 'testnet.binance.vision' ([Errno 11001] getaddrinfo failed)"))
2026-05-04 07:58:25 - bot.orders - ERROR - place_market_order:49 - Unexpected error placing market order: 'NoneType' object has no attribute 'futures_create_order'
2026-05-04 07:58:25 - bot.orders - ERROR - place_market_order:49 - Unexpected error placing market order: 'NoneType' object has no attribute 'futures_create_order'
2026-05-04 07:58:25 - root - ERROR - execute_order:150 - Order failed: {'success': False, 'error': "'NoneType' object has no attribute 'futures_create_order'"}
2026-05-04 07:58:25 - root - ERROR - execute_order:150 - Order failed: {'success': False, 'error': "'NoneType' object has no attribute 'futures_create_order'"}
2026-05-05 17:18:03 - bot.orders - ERROR - place_market_order:49 - Unexpected error placing market order: 'NoneType' object has no attribute 'futures_create_order'
2026-05-05 17:18:03 - bot.orders - ERROR - place_market_order:49 - Unexpected error placing market order: 'NoneType' object has no attribute 'futures_create_order'
2026-05-05 17:18:03 - root - ERROR - place_order:71 - Order failed via web: {'success': False, 'error': "'NoneType' object has no attribute 'futures_create_order'"}
2026-05-05 17:18:03 - root - ERROR - place_order:71 - Order failed via web: {'success': False, 'error': "'NoneType' object has no attribute 'futures_create_order'"}
2026-05-05 17:18:19 - bot.orders - ERROR - place_market_order:49 - Unexpected error placing market order: 'NoneType' object has no attribute 'futures_create_order'
2026-05-05 17:18:19 - bot.orders - ERROR - place_market_order:49 - Unexpected error placing market order: 'NoneType' object has no attribute 'futures_create_order'
2026-05-05 17:18:20 - root - ERROR - place_order:71 - Order failed via web: {'success': False, 'error': "'NoneType' object has no attribute 'futures_create_order'"}
2026-05-05 17:18:20 - root - ERROR - place_order:71 - Order failed via web: {'success': False, 'error': "'NoneType' object has no attribute 'futures_create_order'"}
